빌드 시작: 2022-10-15 오후 3:22:40
     1>2 노드의 "D:\DirectX_Study\Engine\Engine\Engine.vcxproj" 프로젝트(build 대상)입니다.
     1>InitializeBuildStatus:
         "AlwaysCreate"이(가) 지정되었기 때문에 "Release\Engine.unsuccessfulbuild"을(를) 만들고 있습니다.
       ClCompile:
         C:\Program Files (x86)\Microsoft Visual Studio 10.0\VC\bin\CL.exe /c /Zi /nologo /W3 /WX- /O2 /Oi /Oy- /GL /D WIN32 /D NDEBUG /D _WINDOWS /D _UNICODE /D UNICODE /Gm- /EHsc /MD /GS /Gy /fp:precise /Zc:wchar_t /Zc:forScope /Fo"Release\\" /Fd"Release\vc100.pdb" /Gd /TP /analyze- /errorReport:prompt main.cpp
         main.cpp
       Link:
         C:\Program Files (x86)\Microsoft Visual Studio 10.0\VC\bin\link.exe /ERRORREPORT:PROMPT /OUT:"D:\DirectX_Study\Engine\Release\Engine.exe" /INCREMENTAL:NO /NOLOGO kernel32.lib user32.lib gdi32.lib winspool.lib comdlg32.lib advapi32.lib shell32.lib ole32.lib oleaut32.lib uuid.lib odbc32.lib odbccp32.lib /MANIFEST /ManifestFile:"Release\Engine.exe.intermediate.manifest" /MANIFESTUAC:"level='asInvoker' uiAccess='false'" /DEBUG /PDB:"D:\DirectX_Study\Engine\Release\Engine.pdb" /SUBSYSTEM:WINDOWS /OPT:REF /OPT:ICF /LTCG /TLBID:1 /DYNAMICBASE /NXCOMPAT /IMPLIB:"D:\DirectX_Study\Engine\Release\Engine.lib" /MACHINE:X86 Release\GraphicsClass.obj
         Release\InputClass.obj
         Release\main.obj
         Release\SystemClass.obj
         코드를 생성하고 있습니다.
         코드를 생성했습니다.
         Engine.vcxproj -> D:\DirectX_Study\Engine\Release\Engine.exe
       Manifest:
         C:\Program Files (x86)\Microsoft SDKs\Windows\v7.0A\bin\mt.exe /nologo /verbose /outputresource:"D:\DirectX_Study\Engine\Release\Engine.exe;#1" /manifest Release\Engine.exe.intermediate.manifest
       FinalizeBuildStatus:
         "Release\Engine.unsuccessfulbuild" 파일을 삭제하고 있습니다.
         "Release\Engine.lastbuildstate"에 연결(touching)하고 있습니다.
     1>"D:\DirectX_Study\Engine\Engine\Engine.vcxproj" 프로젝트를 빌드했습니다(build 대상).

빌드했습니다.

경과 시간: 00:00:01.69
